<?xml version="1.0" encoding="utf-8"?><testsuites name="pytest tests"><testsuite name="pytest" errors="0" failures="0" skipped="0" tests="16" time="7.715" timestamp="2026-02-27T19:16:13.519076+00:00" hostname="agent-env-58c02fb3-d6c7-43d1-820e-587f88452631"><testcase classname="backend.tests.test_hls_codec_support.TestHLSStreamDetection" name="test_hls_playlist_detection" time="0.268" /><testcase classname="backend.tests.test_hls_codec_support.TestHLSStreamDetection" name="test_verify_batch_handles_hls" time="0.157" /><testcase classname="backend.tests.test_hls_codec_support.TestPLSPlaylistDetection" name="test_pls_playlist_detection" time="0.938" /><testcase classname="backend.tests.test_hls_codec_support.TestPLSPlaylistDetection" name="test_direct_pls_verification" time="0.544" /><testcase classname="backend.tests.test_hls_codec_support.TestStandardAudioFormats" name="test_mp3_stream_detection" time="0.656" /><testcase classname="backend.tests.test_hls_codec_support.TestStandardAudioFormats" name="test_aac_stream_detection" time="0.589" /><testcase classname="backend.tests.test_hls_codec_support.TestStandardAudioFormats" name="test_ogg_stream_verification" time="0.188" /><testcase classname="backend.tests.test_hls_codec_support.TestICYStreamDetection" name="test_icecast_stream_with_icy_headers" time="0.563" /><testcase classname="backend.tests.test_hls_codec_support.TestICYStreamDetection" name="test_radio_france_icy_stream" time="0.644" /><testcase classname="backend.tests.test_hls_codec_support.TestStreamTypeDetectionByURL" name="test_stream_type_identification_cases" time="1.834" /><testcase classname="backend.tests.test_hls_codec_support.TestOfflineStationHandling" name="test_stream_unavailable_detection" time="0.141" /><testcase classname="backend.tests.test_hls_codec_support.TestOfflineStationHandling" name="test_html_page_not_audio" time="0.216" /><testcase classname="backend.tests.test_hls_codec_support.TestMultipleFormatMixedBatch" name="test_mixed_format_batch_verification" time="0.608" /><testcase classname="backend.tests.test_hls_codec_support.TestAPIEndpointRobustness" name="test_empty_batch_request" time="0.087" /><testcase classname="backend.tests.test_hls_codec_support.TestAPIEndpointRobustness" name="test_batch_with_missing_url" time="0.080" /><testcase classname="backend.tests.test_hls_codec_support.TestAPIEndpointRobustness" name="test_single_verify_requires_url_param" time="0.096" /></testsuite></testsuites>