<?xml version="1.0" encoding="utf-8"?><testsuites name="pytest tests"><testsuite name="pytest" errors="0" failures="0" skipped="0" tests="33" time="20.450" timestamp="2026-02-27T17:41:13.322105+00:00" hostname="agent-env-58c02fb3-d6c7-43d1-820e-587f88452631"><testcase classname="backend.tests.test_new_features.TestVerifyBatchEndpoint" name="test_verify_batch_with_valid_stations" time="0.882" /><testcase classname="backend.tests.test_new_features.TestVerifyBatchEndpoint" name="test_verify_batch_empty_stations" time="0.219" /><testcase classname="backend.tests.test_new_features.TestVerifyBatchEndpoint" name="test_verify_batch_max_50_stations" time="6.549" /><testcase classname="backend.tests.test_new_features.TestVerifyBatchEndpoint" name="test_verify_batch_with_url_resolved" time="0.631" /><testcase classname="backend.tests.test_new_features.TestVerifyBatchEndpoint" name="test_verify_batch_skips_invalid_entries" time="0.573" /><testcase classname="backend.tests.test_new_features.TestTopStationsEndpoint" name="test_get_top_stations" time="0.255" /><testcase classname="backend.tests.test_new_features.TestTopStationsEndpoint" name="test_stations_have_stream_urls" time="0.299" /><testcase classname="backend.tests.test_new_features.TestStationsByRegion" name="test_europe_region_stations" time="0.602" /><testcase classname="backend.tests.test_new_features.TestStationsByRegion" name="test_asia_region_stations" time="0.609" /><testcase classname="backend.tests.test_new_features.TestMongoDB_FavoritesStillWork" name="test_favorites_list" time="0.089" /><testcase classname="backend.tests.test_new_features.TestMongoDB_FavoritesStillWork" name="test_favorites_add_and_remove" time="0.182" /><testcase classname="backend.tests.test_new_features.TestSearchStationsForHealthCheck" name="test_search_stations" time="0.800" /><testcase classname="backend.tests.test_new_features.TestHealthCheckAPIResponse" name="test_response_format_for_frontend" time="0.529" /><testcase classname="backend.tests.test_global_radio.TestHealthCheck" name="test_api_root" time="0.094" /><testcase classname="backend.tests.test_global_radio.TestHealthCheck" name="test_stations_top" time="0.261" /><testcase classname="backend.tests.test_global_radio.TestFavoritesEndpoints" name="test_add_favorite_station" time="0.304" /><testcase classname="backend.tests.test_global_radio.TestFavoritesEndpoints" name="test_get_favorites_list" time="0.347" /><testcase classname="backend.tests.test_global_radio.TestFavoritesEndpoints" name="test_check_favorite_status" time="0.479" /><testcase classname="backend.tests.test_global_radio.TestFavoritesEndpoints" name="test_remove_favorite" time="0.433" /><testcase classname="backend.tests.test_global_radio.TestFavoritesEndpoints" name="test_duplicate_favorite_returns_error" time="0.378" /><testcase classname="backend.tests.test_global_radio.TestShuffleSimilarEndpoint" name="test_shuffle_similar_with_valid_tag" time="0.537" /><testcase classname="backend.tests.test_global_radio.TestShuffleSimilarEndpoint" name="test_shuffle_similar_with_exclude_id" time="0.461" /><testcase classname="backend.tests.test_global_radio.TestShuffleSimilarEndpoint" name="test_shuffle_similar_returns_different_results" time="1.000" /><testcase classname="backend.tests.test_global_radio.TestShuffleSimilarEndpoint" name="test_shuffle_similar_missing_tag_returns_error" time="0.080" /><testcase classname="backend.tests.test_global_radio.TestPodcastEpisodesEndpoint" name="test_get_podcast_episodes" time="0.401" /><testcase classname="backend.tests.test_global_radio.TestPodcastEpisodesEndpoint" name="test_podcast_episodes_include_metadata" time="0.306" /><testcase classname="backend.tests.test_global_radio.TestPodcastEpisodesEndpoint" name="test_invalid_podcast_id_returns_error" time="0.325" /><testcase classname="backend.tests.test_global_radio.TestStationsSearchEndpoints" name="test_search_by_name" time="1.397" /><testcase classname="backend.tests.test_global_radio.TestStationsSearchEndpoints" name="test_search_by_tag" time="0.671" /><testcase classname="backend.tests.test_global_radio.TestStationsSearchEndpoints" name="test_stations_by_country" time="0.368" /><testcase classname="backend.tests.test_global_radio.TestPodcastSearchEndpoints" name="test_search_podcasts" time="0.134" /><testcase classname="backend.tests.test_global_radio.TestPodcastSearchEndpoints" name="test_top_podcasts" time="0.117" /><testcase classname="backend.tests.test_global_radio.TestPodcastSearchEndpoints" name="test_podcast_genres" time="0.074" /></testsuite></testsuites>