<?xml version="1.0" encoding="utf-8"?><testsuites name="pytest tests"><testsuite name="pytest" errors="0" failures="0" skipped="0" tests="27" time="42.916" timestamp="2026-02-27T18:50:16.460378+00:00" hostname="agent-env-58c02fb3-d6c7-43d1-820e-587f88452631"><testcase classname="test_stream_verification.TestStreamVerificationBasics" name="test_verify_batch_endpoint_exists" time="0.162" /><testcase classname="test_stream_verification.TestStreamVerificationBasics" name="test_verify_single_station_endpoint_exists" time="0.175" /><testcase classname="test_stream_verification.TestAudioSignatureDetection" name="test_icy_stream_detection" time="0.600" /><testcase classname="test_stream_verification.TestAudioSignatureDetection" name="test_mp3_stream_verification" time="0.566" /><testcase classname="test_stream_verification.TestAudioSignatureDetection" name="test_playlist_handling" time="0.906" /><testcase classname="test_stream_verification.TestFailureReasonReporting" name="test_connect_failed_reason" time="0.153" /><testcase classname="test_stream_verification.TestFailureReasonReporting" name="test_not_audio_reason" time="0.244" /><testcase classname="test_stream_verification.TestFailureReasonReporting" name="test_http_error_status_reason" time="0.548" /><testcase classname="test_stream_verification.TestBatchVerificationDetails" name="test_batch_returns_reason_and_content_type" time="0.610" /><testcase classname="test_stream_verification.TestBatchVerificationDetails" name="test_batch_verification_mixed_results" time="2.116" /><testcase classname="test_stream_verification.TestSingleStationVerification" name="test_single_verify_returns_detailed_result" time="0.655" /><testcase classname="test_stream_verification.TestSingleStationVerification" name="test_single_verify_with_invalid_url" time="0.155" /><testcase classname="test_stream_verification.TestVerificationWithRealStations" name="test_verify_top_stations" time="2.367" /><testcase classname="test_stream_verification.TestVerificationWithRealStations" name="test_green_stations_should_play" time="1.220" /><testcase classname="test_new_features.TestVerifyBatchEndpoint" name="test_verify_batch_with_valid_stations" time="0.610" /><testcase classname="test_new_features.TestVerifyBatchEndpoint" name="test_verify_batch_empty_stations" time="0.096" /><testcase classname="test_new_features.TestVerifyBatchEndpoint" name="test_verify_batch_max_50_stations" time="25.846" /><testcase classname="test_new_features.TestVerifyBatchEndpoint" name="test_verify_batch_with_url_resolved" time="0.761" /><testcase classname="test_new_features.TestVerifyBatchEndpoint" name="test_verify_batch_skips_invalid_entries" time="0.563" /><testcase classname="test_new_features.TestTopStationsEndpoint" name="test_get_top_stations" time="0.358" /><testcase classname="test_new_features.TestTopStationsEndpoint" name="test_stations_have_stream_urls" time="0.271" /><testcase classname="test_new_features.TestStationsByRegion" name="test_europe_region_stations" time="0.634" /><testcase classname="test_new_features.TestStationsByRegion" name="test_asia_region_stations" time="0.637" /><testcase classname="test_new_features.TestMongoDB_FavoritesStillWork" name="test_favorites_list" time="0.079" /><testcase classname="test_new_features.TestMongoDB_FavoritesStillWork" name="test_favorites_add_and_remove" time="0.164" /><testcase classname="test_new_features.TestSearchStationsForHealthCheck" name="test_search_stations" time="1.287" /><testcase classname="test_new_features.TestHealthCheckAPIResponse" name="test_response_format_for_frontend" time="1.013" /></testsuite></testsuites>