<?xml version="1.0" encoding="utf-8"?><testsuites name="pytest tests"><testsuite name="pytest" errors="0" failures="0" skipped="0" tests="14" time="9.930" timestamp="2026-02-27T18:46:39.844679+00:00" hostname="agent-env-58c02fb3-d6c7-43d1-820e-587f88452631"><testcase classname="test_stream_verification.TestStreamVerificationBasics" name="test_verify_batch_endpoint_exists" time="0.303" /><testcase classname="test_stream_verification.TestStreamVerificationBasics" name="test_verify_single_station_endpoint_exists" time="0.183" /><testcase classname="test_stream_verification.TestAudioSignatureDetection" name="test_icy_stream_detection" time="0.912" /><testcase classname="test_stream_verification.TestAudioSignatureDetection" name="test_mp3_stream_verification" time="0.623" /><testcase classname="test_stream_verification.TestAudioSignatureDetection" name="test_playlist_handling" time="0.895" /><testcase classname="test_stream_verification.TestFailureReasonReporting" name="test_connect_failed_reason" time="0.130" /><testcase classname="test_stream_verification.TestFailureReasonReporting" name="test_not_audio_reason" time="0.348" /><testcase classname="test_stream_verification.TestFailureReasonReporting" name="test_http_error_status_reason" time="0.548" /><testcase classname="test_stream_verification.TestBatchVerificationDetails" name="test_batch_returns_reason_and_content_type" time="0.590" /><testcase classname="test_stream_verification.TestBatchVerificationDetails" name="test_batch_verification_mixed_results" time="1.176" /><testcase classname="test_stream_verification.TestSingleStationVerification" name="test_single_verify_returns_detailed_result" time="0.598" /><testcase classname="test_stream_verification.TestSingleStationVerification" name="test_single_verify_with_invalid_url" time="0.162" /><testcase classname="test_stream_verification.TestVerificationWithRealStations" name="test_verify_top_stations" time="1.875" /><testcase classname="test_stream_verification.TestVerificationWithRealStations" name="test_green_stations_should_play" time="1.516" /></testsuite></testsuites>