<?xml version="1.0" encoding="utf-8"?><testsuites name="pytest tests"><testsuite name="pytest" errors="0" failures="0" skipped="0" tests="20" time="22.791" timestamp="2026-02-27T16:23:41.955491+00:00" hostname="agent-env-58c02fb3-d6c7-43d1-820e-587f88452631"><testcase classname="backend.tests.test_global_radio.TestHealthCheck" name="test_api_root" time="0.629" /><testcase classname="backend.tests.test_global_radio.TestHealthCheck" name="test_stations_top" time="0.876" /><testcase classname="backend.tests.test_global_radio.TestFavoritesEndpoints" name="test_add_favorite_station" time="1.225" /><testcase classname="backend.tests.test_global_radio.TestFavoritesEndpoints" name="test_get_favorites_list" time="1.736" /><testcase classname="backend.tests.test_global_radio.TestFavoritesEndpoints" name="test_check_favorite_status" time="2.150" /><testcase classname="backend.tests.test_global_radio.TestFavoritesEndpoints" name="test_remove_favorite" time="2.088" /><testcase classname="backend.tests.test_global_radio.TestFavoritesEndpoints" name="test_duplicate_favorite_returns_error" time="1.693" /><testcase classname="backend.tests.test_global_radio.TestShuffleSimilarEndpoint" name="test_shuffle_similar_with_valid_tag" time="0.721" /><testcase classname="backend.tests.test_global_radio.TestShuffleSimilarEndpoint" name="test_shuffle_similar_with_exclude_id" time="0.743" /><testcase classname="backend.tests.test_global_radio.TestShuffleSimilarEndpoint" name="test_shuffle_similar_returns_different_results" time="1.902" /><testcase classname="backend.tests.test_global_radio.TestShuffleSimilarEndpoint" name="test_shuffle_similar_missing_tag_returns_error" time="0.404" /><testcase classname="backend.tests.test_global_radio.TestPodcastEpisodesEndpoint" name="test_get_podcast_episodes" time="1.484" /><testcase classname="backend.tests.test_global_radio.TestPodcastEpisodesEndpoint" name="test_podcast_episodes_include_metadata" time="1.311" /><testcase classname="backend.tests.test_global_radio.TestPodcastEpisodesEndpoint" name="test_invalid_podcast_id_returns_error" time="0.730" /><testcase classname="backend.tests.test_global_radio.TestStationsSearchEndpoints" name="test_search_by_name" time="1.431" /><testcase classname="backend.tests.test_global_radio.TestStationsSearchEndpoints" name="test_search_by_tag" time="0.820" /><testcase classname="backend.tests.test_global_radio.TestStationsSearchEndpoints" name="test_stations_by_country" time="0.677" /><testcase classname="backend.tests.test_global_radio.TestPodcastSearchEndpoints" name="test_search_podcasts" time="1.117" /><testcase classname="backend.tests.test_global_radio.TestPodcastSearchEndpoints" name="test_top_podcasts" time="0.518" /><testcase classname="backend.tests.test_global_radio.TestPodcastSearchEndpoints" name="test_podcast_genres" time="0.415" /></testsuite></testsuites>